271	0	0	70	0	2	Lease	-	Document	0	1	0	-46	0	1	0	0	0	1	0	0	0
261	1	1	60	11	3	ARTICLE	I	1 INTRODUCTORY PROVISIONS	0	0	0	499	1	2	4	4	2	0	0	0	0
23	1	3	2	12	4	Section	1.1.	References and Conflicts 1	0	0	0	554	3	2	4	1	2	0	0	0	0
23	2	4	2	13	4	Section	1.2.	Exhibits 1	0	0	0	611	4	2	2	1	1	0	0	0	0
23	3	5	2	14	4	Section	1.3.	General Definitions 1 ARTICLE II 3 GRANT AND TERM 3	0	0	0	652	5	2	10	8	7	0	0	0	0
15	1	8	2	15	4	Section	2.1.	Premises 3	0	0	0	734	8	2	2	1	1	0	0	0	0
15	2	9	2	16	4	Section	2.2.	Term 4	0	0	0	775	9	2	2	1	1	0	0	0	0
15	3	10	2	17	4	Section	2.3.	Opening 4	0	0	0	812	10	2	2	1	1	0	0	0	0
15	4	11	2	18	4	Section	2.4.	Late Opening 4	0	0	0	852	11	2	3	1	2	0	0	0	0
15	5	12	2	19	4	Section	2.5.	Landlords Leasing Covenant 4 ARTICLE III 5 RENT 5	0	0	0	897	12	2	10	6	6	0	0	0	0
7	1	15	2	20	4	Section	3.1.	Minimum Rent 5	0	0	0	978	15	2	3	1	2	0	0	0	0
7	2	16	2	21	4	Section	3.2.	Percentage Rent 5	0	0	0	1023	16	2	3	1	2	0	0	0	0
7	3	17	2	22	4	Section	3.3.	Payments By Tenant 6	0	0	0	1071	17	2	4	1	3	0	0	0	0
7	4	18	2	23	4	Section	3.4.	Late Charge 6	0	0	0	1122	18	2	3	1	2	0	0	0	0
7	5	19	2	24	4	Section	3.5.	Security Deposit 6	0	0	0	1166	19	2	3	1	2	0	0	0	0
7	6	20	2	25	4	Section	3.6.	Prepaid Rent 6 ARTICLE IV 7 PREPARATION OF PREMISES 7	0	0	0	1215	20	2	10	8	7	0	0	0	0
6	1	23	2	26	4	Section	4.1.	Landlords Work 7	0	0	0	1299	23	2	4	1	2	0	0	0	0
6	2	24	2	27	4	Section	4.2.	Delivery of Possession 7	0	0	0	1347	24	2	4	1	2	0	0	0	0
6	3	25	2	28	4	Section	4.3.	Tenants Work 7	0	0	0	1402	25	2	4	1	2	0	0	0	0
6	4	26	2	29	4	Section	4.4.	Alterations by Tenant 8	0	0	0	1448	26	2	4	1	2	0	0	0	0
6	5	27	2	30	4	Section	4.5.	Removal by Tenant 9	0	0	0	1502	27	2	4	1	2	0	0	0	0
6	6	28	2	31	4	Section	4.6.	Construction Insurance 9 ARTICLE V 9 CONDUCT OF BUSINESS 9	0	0	0	1552	28	2	10	8	7	0	0	0	0
3	1	31	2	32	4	Section	5.1.	Use and Trade Name 9	0	0	0	1641	31	2	5	1	3	0	0	0	0
3	2	32	2	33	4	Section	5.2.	Operation of Business 9	0	0	0	1692	32	2	4	1	2	0	0	0	0
3	3	33	2	34	4	Section	5.3.	Signs and Canopy 9	0	0	0	1746	33	2	4	1	2	0	0	0	0
3	4	34	2	35	4	Section	5.4.	Tenants Covenants 10	0	0	0	1795	34	2	4	1	2	0	0	0	0
3	5	35	2	36	4	Section	5.5.	Notice by Tenant 11	0	0	0	1847	35	2	4	1	2	0	0	0	0
3	6	36	2	37	4	Section	5.6.	Radius 11	0	0	0	1897	36	2	2	1	1	0	0	0	0
3	7	37	2	38	4	Section	5.7.	Obligation to Continuously Operate 11	0	0	0	1937	37	2	5	1	3	0	0	0	0
3	8	38	2	39	4	Section	5.8.	Hazardous Materials 11 ARTICLE VI 12 COMMON AREAS 12	0	0	0	2005	38	2	9	7	6	0	0	0	0
33	1	41	2	40	4	Section	6.1.	Use of Common Areas 12	0	0	0	2088	41	2	5	1	3	0	0	0	0
33	2	42	2	41	4	Section	6.2.	Common Area Maintenance Expenses 12 ARTICLE VII 14 REPAIRS AND MAINTENANCE 14	0	0	0	2141	42	2	12	8	9	0	0	0	0
32	1	45	2	42	4	Section	7.1.	Repairs and Maintenance by Landlord 14	0	0	0	2249	45	2	6	1	3	0	0	0	0
32	2	46	2	43	4	Section	7.2.	Repairs and Maintenance by Tenant 14 ARTICLE VIII 15 TAXES 15	0	0	0	2318	46	2	11	6	6	0	0	0	0
22	1	49	2	44	4	Section	8.1.	Tax Liability 15	0	0	0	2410	49	2	3	1	2	0	0	0	0
22	2	50	2	45	4	Section	8.2.	Method of Payment 16	0	0	0	2457	50	2	4	1	2	0	0	0	0
22	3	0	2	46	4	Section	8.3.	Community Development District 16 ARTICLE IX 16 INSURANCE, INDEMNITY AND LIABILI	0	0	0	2520	0	3	12	9	9	0	0	0	0
14	1	3	2	47	4	Section	9.1.	Landlords Insurance Obligations 16	0	0	0	2636	3	3	5	1	3	0	0	0	0
14	2	4	2	48	4	Section	9.2.	Tenants Insurance Obligations 17	0	0	0	2702	4	3	5	1	3	0	0	0	0
14	3	5	2	49	4	Section	9.3.	Waiver of Subrogation 18	0	0	0	2766	5	3	4	1	2	0	0	0	0
14	4	6	2	50	4	Section	9.4.	Covenant to Hold Harmless 18	0	0	0	2821	6	3	5	1	3	0	0	0	0
14	5	7	2	51	4	Section	9.5.	Consequential Damages 19 ARTICLE X 19 DESTRUCTION OF PREMISES 19	0	0	0	2880	7	3	10	8	7	0	0	0	0
31	1	13	2	53	4	Section	11.1.	Eminent Domain 20	0	0	0	3048	13	3	3	1	2	0	0	0	0
31	2	14	2	54	4	Section	11.2.	Rent Apportionment 20 ARTICLE XII 20 ASSIGNMENT.	0	0	0	3097	14	3	12	10	9	0	0	0	0
13	1	17	2	55	4	Section	12.1.	No Assignment, Subletting or Encumbering of Lease 20	0	0	0	3213	17	3	8	1	5	0	0	0	0
13	2	18	2	56	4	Section	12.2.	Assignment or Sublet 21	0	0	0	3297	18	3	4	1	2	0	0	0	0
13	3	19	2	57	4	Section	12.3.	Transfer of Landlords Interest 22	0	0	0	3352	19	3	6	1	3	0	0	0	0
13	4	20	2	58	4	Section	12.4.	Recapture of Premises 22	0	0	0	3418	20	3	4	1	2	0	0	0	0
13	5	21	2	59	4	Section	12.5.	Continuing Liability 22 ARTICLE XIII 22 SUBORDINATION, ATTORNMENT, FINANCING AND	0	0	0	3474	21	3	13	11	10	0	0	0	0
21	1	24	2	60	4	Section	13.1.	Subordination 22	0	0	0	3610	24	3	2	1	1	0	0	0	0
21	2	25	2	61	4	Section	13.2.	Attornment 23	0	0	0	3658	25	3	2	1	1	0	0	0	0
21	3	26	2	62	4	Section	13.3.	Estoppel Certificate 23 ARTICLE XIV 24 ADVERTISING AND PROMOTION 24	0	0	0	3703	26	3	10	8	7	0	0	0	0
30	1	29	2	63	4	Section	14.1.	Promotion Fund 24	0	0	0	3802	29	3	3	1	2	0	0	0	0
30	2	30	2	64	4	Section	14.2.	Promotion Fund Contribution 24 ARTICLE XV 24 DEFAULT AND REMEDIES 24	0	0	0	3851	30	3	11	8	8	0	0	0	0
12	1	33	2	65	4	Section	15.1.	Elements of Default 24	0	0	0	3951	33	3	4	1	2	0	0	0	0
12	2	34	2	66	4	Section	15.2.	Landlords Remedies 24	0	0	0	4005	34	3	4	1	2	0	0	0	0
12	3	35	2	67	4	Section	15.3.	Bankruptcy 26	0	0	0	4059	35	3	2	1	1	0	0	0	0
12	4	36	2	68	4	Section	15.4.	Additional Remedies and Waivers 27	0	0	0	4104	36	3	5	1	3	0	0	0	0
12	5	37	2	69	4	Section	15.5.	Landlords Cure of Default 27 ARTICLE XVI 27 RIGHT OF ACCESS 27 ARTICLE XVII 28 	0	0	0	4170	37	3	25	20	16	0	0	0	0
29	1	44	2	70	4	Section	18.1.	Return of Premises 28	0	0	0	4323	44	3	4	1	2	0	0	0	0
29	2	45	2	71	4	Section	18.2.	Holding Over 28 ARTICLE XIX 28 COVENANT OF QUIET ENJOYMENT 28 ARTICLE XX 29 UTIL	0	0	0	4376	45	3	16	14	11	0	0	0	0
17	1	50	2	72	4	Section	20.1.	Utilities 29	0	0	0	4496	50	3	2	1	1	0	0	0	0
17	2	51	2	73	4	Section	20.2.	Trash and Garbage Removal 29	0	0	0	4540	51	3	5	1	3	0	0	0	0
17	3	52	2	74	4	Section	20.3.	Water and Sewer 30	0	0	0	4600	52	3	4	1	2	0	0	0	0
17	4	0	2	75	4	Section	20.4.	Landlords Right to Interrupt Utilities 30 ARTICLE XXI 30 MISCELLANEOUS 30	0	0	0	4662	0	4	12	6	7	0	0	0	0
1	1	3	2	76	4	Section	21.1.	Entire Agreement 30	0	0	0	4768	3	4	3	1	2	0	0	0	0
1	2	4	2	77	4	Section	21.2.	Notices 31	0	0	0	4819	4	4	2	1	1	0	0	0	0
1	3	5	2	78	4	Section	21.3.	Governing Law 31	0	0	0	4861	5	4	3	1	2	0	0	0	0
1	4	6	2	79	4	Section	21.4.	Successors 31	0	0	0	4909	6	4	2	1	1	0	0	0	0
1	5	7	2	80	4	Section	21.5.	Brokers 31	0	0	0	4954	7	4	2	1	1	0	0	0	0
1	6	8	2	81	4	Section	21.6.	Transfer by Landlord 32	0	0	0	4996	8	4	4	1	2	0	0	0	0
1	7	9	2	82	4	Section	21.7.	No Partnership 32	0	0	0	5051	9	4	3	1	2	0	0	0	0
1	8	10	2	83	4	Section	21.8.	Waiver of Counterclaims 32	0	0	0	5100	10	4	4	1	2	0	0	0	0
1	9	11	2	84	4	Section	21.9.	Waiver of Jury Trial 32	0	0	0	5158	11	4	5	1	3	0	0	0	0
1	10	12	2	85	4	Section	21.10.	Severability 32	0	0	0	5213	12	4	2	1	1	0	0	0	0
1	11	13	2	86	4	Section	21.11.	No Waiver 32	0	0	0	5261	13	4	3	1	2	0	0	0	0
1	12	14	2	87	4	Section	21.12.	Interest 32	0	0	0	5306	14	4	2	1	1	0	0	0	0
1	13	15	2	88	4	Section	21.13.	Rules and Regulations 32	0	0	0	5350	15	4	4	1	2	0	0	0	0
1	14	16	2	89	4	Section	21.14.	Financial Statements 32	0	0	0	5407	16	4	3	1	2	0	0	0	0
1	15	17	2	90	4	Section	21.15.	General Rules of Construction 33	0	0	0	5463	17	4	5	1	3	0	0	0	0
1	16	18	2	91	4	Section	21.16.	Recording 33	0	0	0	5528	18	4	2	1	1	0	0	0	0
1	17	19	2	92	4	Section	21.17.	Effective Date 33	0	0	0	5573	19	4	3	1	2	0	0	0	0
1	18	20	2	93	4	Section	21.18.	Headings 33	0	0	0	5623	20	4	2	1	1	0	0	0	0
1	19	21	2	94	4	Section	21.19.	Tenant Liability 33	0	0	0	5667	21	4	3	1	2	0	0	0	0
1	20	22	2	95	4	Section	21.20.	Other Tenants 33	0	0	0	5719	22	4	3	1	2	0	0	0	0
1	21	23	2	96	4	Section	21.21.	Due Authorization 33	0	0	0	5768	23	4	3	1	2	0	0	0	0
1	22	24	2	97	4	Section	21.22.	Confidentiality 34	0	0	0	5821	24	4	2	1	1	0	0	0	0
1	23	25	2	98	4	Section	21.23.	Attorneys Fees 34	0	0	0	5872	25	4	4	1	2	0	0	0	0
1	24	26	2	99	4	Section	21.24.	Waiver of Redemption by Tenant 34	0	0	0	5923	26	4	6	1	3	0	0	0	0
1	25	27	2	100	4	Section	21.25.	Non-Discrimination 34	0	0	0	5990	27	4	3	1	2	0	0	0	0
1	26	28	2	101	4	Section	21.26.	Satellite Dish 34	0	0	0	6045	28	4	3	1	2	0	0	0	0
1	27	29	2	102	4	Section	21.27.	Guaranty 34	0	0	0	6096	29	4	2	1	1	0	0	0	0
1	28	30	2	103	4	Section	21.28.	Excavation 35	0	0	0	6141	30	4	2	1	1	0	0	0	0
1	29	31	2	104	4	Section	21.29.	Facsimile/PDF 35	0	0	0	6188	31	4	3	2	2	0	0	0	0
1	30	32	2	105	4	Section	21.30.	Liability of Landlord 35	0	0	0	6238	32	4	4	1	2	0	0	0	0
1	31	33	2	106	4	Section	21.31.	Radon Disclosure 35	0	0	0	6296	33	4	3	1	2	0	0	0	0
1	32	34	2	107	4	Section	21.32.	Florida Lien Law 35	0	0	0	6349	34	4	4	1	3	0	0	0	0
1	33	35	2	108	4	Section	21.33.	Force Majeure 36	0	0	0	6402	35	4	3	1	2	0	0	0	0
1	34	36	2	109	4	Section	21.34.	Financing Contingency 36	0	0	0	6452	36	4	3	1	2	0	0	0	0
209	1	7	21	121	5	_	(1)	Premises:	0	0	0	7503	7	5	4	2	2	0	0	0	0
209	2	10	21	123	5	_	(2)	Term:	0	0	0	7730	10	5	4	2	2	0	0	0	0
209	3	15	21	127	5	_	(3)	Minimum Rent:	0	0	0	8062	15	5	6	2	3	0	0	0	0
209	4	0	21	130	5	_	(4)	Percentage Rent:	0	0	0	9026	0	6	5	2	3	0	0	0	0
209	5	2	21	132	5	_	(5)	(a) Rent Payment Address:	0	0	0	9099	2	6	7	2	4	0	0	0	0
209	6	14	21	137	5	_	(6)	Use and Trade Name:	0	0	0	9508	14	6	7	2	4	0	0	0	0
209	7	22	21	140	5	_	(7)	Common Area Maintenance Expenses:	0	0	0	10207	22	6	7	2	5	0	0	0	0
209	8	0	21	143	5	_	(8)	Taxes:	0	0	0	11975	0	7	4	2	2	0	0	0	0
209	9	3	21	145	5	_	(9)	Insurance Expense:	0	0	0	12163	3	7	5	2	3	0	0	0	0
209	10	6	21	147	5	_	(10)	Promotion Fund:	0	0	0	12394	6	7	5	2	3	0	0	0	0
209	11	8	21	149	5	_	(11)	Grand Opening Charge:	0	0	0	12510	8	7	3	0	3	0	0	0	0
209	12	10	21	151	5	_	(12)	Security Deposit:	0	0	0	12577	10	7	5	2	3	0	0	0	0
209	13	12	21	153	5	_	(13)	Prepaid Rent:	0	0	0	12659	12	7	5	2	3	0	0	0	0
209	14	14	21	155	5	_	(14)	Trash Removal Fee:	0	0	0	12737	14	7	7	2	4	0	0	0	0
209	15	16	21	157	5	_	(15)	Guarantor:	0	0	0	12859	16	7	7	3	4	0	0	0	0
20	1	2	2	160	4	Section	1.1.	References and Conflicts.	0	0	0	13033	2	8	100	0	18	0	0	0	0
20	2	8	2	161	4	Section	1.2.	Exhibits.	0	0	0	13671	8	8	23	0	4	0	0	0	0
20	3	18	2	168	4	Section	1.3.	General Definitions.	0	0	0	14248	18	8	51	0	8	0	0	0	0
220	1	22	27	169	5	_	(a)	Common Areas mean all areas, facilities and improvements (as the same may be e	0	1	0	14587	22	8	169	0	20	0	0	0	0
220	2	34	27	170	5	_	(b)	Design Manual Prior to the execution of this Lease, Tenant acknowledges that i	0	1	0	15788	34	8	141	0	56	0	0	0	0
220	3	0	27	171	5	_	(c)	Development Area means those areas outside the Shopping Center but within the 	0	1	0	16782	0	9	33	0	4	0	0	0	0
220	4	3	27	172	5	_	(d)	GLA m	0	1	0	17029	3	9	255	8	24	0	0	0	0
220	5	27	27	174	5	_	(e)	Shopping Center means the retail portion of the mixed-use center known as The 	0	1	0	19544	27	9	60	2	19	0	0	0	0
220	6	31	27	175	5	_	(f)	State means the State of Florida.	0	1	0	19890	31	9	6	0	3	0	0	0	0
220	7	32	27	176	5	_	(g)	Tenants Proportionate Share means that portion which bears the same ratio as 	0	1	0	19948	32	9	26	2	8	0	0	0	0
220	8	34	27	177	5	_	(h)	Underlying Documents.	0	1	0	20115	34	9	159	0	50	0	0	0	0
11	1	2	2	179	4	Section	2.1.	Premises.	0	0	0	21231	2	10	1	0	1	0	0	0	0
235	1	3	27	180	5	_	(a)	Subject to the provisions of Sections 2.1(b) and 2.1(c) hereof, Landlord, in con	0	1	0	21264	3	10	318	5	48	0	0	0	0
235	2	21	27	181	5	_	(b)	Landlord reserves the right at any time prior to the commencement of the Term to	0	1	0	23241	21	10	223	4	33	0	0	0	0
235	3	35	27	182	5	_	(c)	Landlord reserves the right at any time during the Term to change the location o	0	1	0	24660	35	10	224	5	42	0	0	0	0
11	2	9	2	184	4	Section	2.2.	Term.	0	0	0	27092	9	11	1	0	1	0	0	0	0
240	1	10	27	185	5	_	(a)	The term of this Lease (the Term) shall be for a period commencing on the date	0	1	0	27121	10	11	155	3	25	0	0	0	0
240	2	19	27	186	5	_	(b)	Provided Tenant is not then in default hereof beyond any applicable notice and c	0	1	0	28038	19	11	111	3	17	0	0	0	0
11	3	26	2	187	4	Section	2.3.	Opening.	0	0	0	28716	26	11	87	5	14	0	0	0	0
11	4	31	2	188	4	Section	2.4.	Late Opening.	0	0	0	29261	31	11	104	4	21	0	0	0	0
11	5	37	2	189	4	Section	2.5.	Landlords Leasing Covenant So long as Tenant is not in default under this Lease	0	0	0	29850	37	11	179	3	38	0	0	0	0
261	3	15	60	192	3	ARTICLE	III	RENT	0	0	0	32638	15	12	1	1	1	0	0	0	0
5	1	17	2	194	4	Section	3.1.	Minimum Rent.	0	0	0	32691	17	12	140	1	28	0	0	0	0
5	2	25	2	195	4	Section	3.2.	Percentage Rent.	0	0	0	33516	25	12	2	0	2	0	0	0	0
234	1	26	27	196	5	_	(a)	Tenant has no obligation to pay percentage rent.	0	1	0	33556	26	12	318	7	28	0	0	0	0
234	2	44	27	197	5	_	(b)	Within sixty (60) days following the end of each calendar year of the Term, Tena	0	1	0	35441	44	12	32	1	7	0	0	0	0
234	3	0	27	198	5	_	(c)	Tenant shall keep at the Premises or at Tenants executive offices within the co	0	1	0	35665	0	13	115	2	19	0	0	0	0
5	3	7	2	199	4	Section	3.3.	Payments By Tenant.	0	0	0	36352	7	13	272	1	41	0	0	0	0
5	4	22	2	200	4	Section	3.4.	Late Charge.	0	0	0	37947	22	13	82	3	10	0	0	0	0
5	5	27	2	201	4	Section	3.5.	Security Deposit.	0	0	0	38460	27	13	259	3	48	0	0	0	0
5	6	42	2	202	4	Section	3.6.	Prepaid Rent.	0	0	0	40000	42	13	109	2	26	0	0	0	0
261	4	1	60	204	3	ARTICLE	IV	PREPARATION OF PREMISES	0	0	0	40743	1	14	3	3	3	0	0	0	0
4	1	3	2	206	4	Section	4.1.	Landlords Work.	0	0	0	40814	3	14	166	2	33	0	0	0	0
4	2	13	2	207	4	Section	4.2.	Delivery of Possession.	0	0	0	41835	13	14	162	5	40	0	0	0	0
4	3	26	2	209	4	Section	4.3.	Tenants Work.	0	0	0	43199	26	14	3	0	2	0	0	0	0
227	1	27	27	210	5	_	(a)	Tenant agrees to diligently perform all its work in accordance with this Lease a	0	1	0	43237	27	14	358	15	74	0	0	0	0
227	2	9	27	212	5	_	(b)	Prior to commencement of any of Tenants Work, Tenant agrees to (i) furnish to L	0	1	0	46389	9	15	282	5	43	0	0	0	0
227	3	26	27	213	5	_	(c)	No liens arising out of Tenants Work or any work performed, materials furnished	0	1	0	48151	26	15	188	3	28	0	0	0	0
227	4	37	27	214	5	_	(d)	If during any Option Period Landlord determines that the interior of the Premise	0	1	0	49248	37	15	86	0	14	0	0	0	0
4	4	43	2	215	4	Section	4.4.	Alterations by Tenant.	0	0	0	49847	43	15	90	0	12	0	0	0	0
4	5	4	2	219	4	Section	4.5.	Removal by Tenant.	0	0	0	50983	4	16	92	0	15	0	0	0	0
4	6	10	2	220	4	Section	4.6.	Construction Insurance.	0	0	0	51621	10	16	94	0	17	0	0	0	0
2	0	16	2	221	4	ARTICLE	V	CONDUCT OF BUSINESS	0	0	0	52268	16	16	3	3	3	0	0	0	0
2	1	18	2	223	4	Section	5.1.	Use and Trade Name.	0	0	0	52334	18	16	111	0	21	0	0	0	0
2	2	25	2	224	4	Section	5.2.	Operation of Business.	0	0	0	53008	25	16	143	7	15	0	0	0	0
2	3	33	2	225	4	Section	5.3.	Signs and Canopy.	0	0	0	53828	33	16	227	2	28	0	0	0	0
2	4	4	2	227	4	Section	5.4.	Tenants Covenants.	0	0	0	55637	4	17	788	5	70	0	0	0	0
2	5	0	2	228	4	Section	5.5.	Notice by Tenant.	0	0	0	60562	0	18	33	0	6	0	0	0	0
2	6	2	2	229	4	Section	5.6.	Radius.	0	0	0	60779	2	18	226	3	48	0	0	0	0
2	7	15	2	230	4	Section	5.7.	Obligation to Continuously Operate.	0	0	0	62191	15	18	162	1	28	0	0	0	0
2	8	25	2	231	4	Section	5.8	Hazardous Materials.	0	0	0	63211	25	18	2	0	2	0	0	0	0
233	1	26	27	232	5	_	(a)	Tenant shall not cause or permit the presence, use, generation, release, dischar	0	1	0	63254	26	18	98	0	9	0	0	0	0
233	2	33	27	233	5	_	(b)	Should a release of any Hazardous Material occur at the Premises or the Shopping	0	1	0	63977	33	18	92	0	18	0	0	0	0
233	3	39	27	234	5	_	(c)	Tenant shall exonerate, indemnify, pay and protect, defend (with counsel reasona	0	1	0	64564	39	18	110	0	9	0	0	0	0
261	6	11	60	236	3	ARTICLE	VI	COMMON AREAS	0	0	0	66620	11	19	2	2	2	0	0	0	0
28	1	13	2	238	4	Section	6.1.	Use of Common Areas.	0	0	0	66680	13	19	450	1	49	0	0	0	0
28	2	39	2	239	4	Section	6.2.	Common Area Maintenance Expenses.	0	0	0	69425	39	19	4	0	4	0	0	0	0
226	1	40	27	240	5	_	(a)	As used herein, the term Common Area Maintenance Expenses shall mean all expen	0	1	0	69482	40	19	121	0	15	0	0	0	0
226	2	14	27	242	5	_	(b)	Notwithstanding anything to the contrary contained in this Lease, Common Area Ma	0	1	0	71798	14	20	222	0	29	0	0	0	0
226	3	28	27	243	5	_	(c)	Tenant shall pay its Proportionate Share of Common Area Maintenance Expenses in 	0	1	0	73230	28	20	206	5	57	0	0	0	0
226	4	41	27	244	5	_	(d)	Landlord shall furnish to Tenant, at Tenants reasonable request, back-up invoic	0	1	0	74571	41	20	144	1	40	0	0	0	0
261	7	9	60	246	3	ARTICLE	VII	REPAIRS AND MAINTENANCE	0	0	0	76386	9	21	3	3	3	0	0	0	0
27	1	11	2	248	4	Section	7.1.	Repairs and Maintenance by Landlord.	0	0	0	76458	11	21	154	2	26	0	0	0	0
27	2	21	2	249	4	Section	7.2.	Repairs and Maintenance by Tenant.	0	0	0	77435	21	21	5	0	3	0	0	0	0
224	1	22	27	250	5	_	(a)	Except for the repairs and maintenance that Landlord is specifically obligated t	0	1	0	77493	22	21	421	4	45	0	0	0	0
224	2	0	27	251	5	_	(b)	If any Federal or State government requires or recommends any changes, modificat	0	1	0	80153	0	22	92	0	7	0	0	0	0
224	3	6	27	252	5	_	(c)	Tenant agrees that Tenants use of electrical current will at no time exceed the	0	1	0	80756	6	22	42	0	5	0	0	0	0
224	4	9	27	253	5	_	(d)	If Tenant fails, refuses or neglects to properly maintain the Premises, or to co	0	1	0	81033	9	22	106	1	11	0	0	0	0
224	5	16	27	254	5	_	(e)	Landlord shall have no liability for the actions from adjacent tenants and secon	0	1	0	81707	16	22	28	0	2	0	0	0	0
261	8	18	60	255	3	ARTICLE	VIII	TAXES	0	0	0	81900	18	22	1	1	1	0	0	0	0
19	1	20	2	257	4	Section	8.1.	Tax Liability.	0	0	0	81955	20	22	2	0	2	0	0	0	0
232	1	21	27	258	5	_	(a)	Tenant agrees to pay to Landlord Tenants Proportionate Share of all Taxes.	0	1	0	81993	21	22	302	1	29	0	0	0	0
232	2	39	27	259	5	_	(b)	Tenant shall also pay Florida Sales and Use Tax on Rent as may be required by ap	0	1	0	83950	39	22	33	2	11	0	0	0	0
232	3	41	27	260	5	_	(c)	Except as may be expressly set forth above in this Section 8.1, Taxes, as used h	0	1	0	84145	41	22	54	2	4	0	0	0	0
19	2	6	2	262	4	Section	8.2.	Method of Payment.	0	0	0	85080	6	23	158	2	32	0	0	0	0
19	3	15	2	263	4	Section	8.3.	Community Development District.	0	0	0	86052	15	23	265	14	59	0	0	0	0
261	9	37	60	265	3	ARTICLE	IX	INSURANCE, INDEMNITY AND LIABILITY	0	0	0	88295	37	23	4	4	4	0	0	0	0
10	1	39	2	267	4	Section	9.1.	Landlords Insurance Obligations.	0	0	0	88377	39	23	126	2	23	0	0	0	0
10	2	8	2	269	4	Section	9.2.	Tenants Insurance Obligations.	0	0	0	90120	8	24	4	0	3	0	0	0	0
231	1	9	27	270	5	_	(a)	Tenant, at Tenants sole cost and expense, shall obtain and maintain in effect, 	0	1	0	90175	9	24	391	19	41	0	0	0	0
231	2	32	27	271	5	_	(b)	All insurance policies herein to be procured by Tenant shall:	0	1	0	92631	32	24	307	2	33	0	0	0	0
231	3	12	27	273	5	_	(c)	Tenant shall not do or permit to be done any act or thing upon the Premises that	0	1	0	95867	12	25	235	3	27	0	0	0	0
10	3	25	2	274	4	Section	9.3.	Waiver of Subrogation.	0	0	0	97299	25	25	117	114	116	0	0	0	0
10	4	35	2	275	4	Section	9.4.	Covenant to Hold Harmless.	0	0	0	98012	35	25	179	175	178	0	0	0	0
10	5	8	2	277	4	Section	9.5.	Consequential Damages.	0	0	0	99788	8	26	31	29	31	0	0	0	0
26	0	12	2	278	4	ARTICLE	X	DESTRUCTION OF PREMISES	0	0	0	100040	12	26	3	3	3	0	0	0	0
230	1	15	27	281	5	_	(a)	If the Premises is damaged or destroyed by fire or other casualty and Landlord d	0	1	0	100144	15	26	358	5	35	0	0	0	0
230	2	34	27	282	5	_	(b)	Landlords obligation to rebuild and repair under this Article X shall in any ev	0	1	0	102227	34	26	145	3	18	0	0	0	0
230	3	43	27	283	5	_	(c)	Tenant agrees that during any period of reconstruction or repair of the Premises	0	1	0	103139	43	26	51	0	7	0	0	0	0
261	11	4	60	285	3	ARTICLE	XI	CONDEMNATION	0	0	0	103855	4	27	1	1	1	0	0	0	0
26	1	6	2	287	4	Section	11.1.	Eminent Domain.	0	0	0	103915	6	27	226	5	22	0	0	0	0
26	2	19	2	288	4	Section	11.2.	Rent Apportionment.	0	0	0	105260	19	27	86	3	16	0	0	0	0
261	12	24	60	289	3	ARTICLE	XII	ASSIGNMENT, SUBLETTING AND ENCUMBERING LEASE	0	0	0	105784	24	27	5	5	5	0	0	0	0
9	1	26	2	291	4	Section	12.1.	No Assignment, Subletting or Encumbering of Lease.	0	0	0	105877	26	27	7	0	5	0	0	0	0
225	1	27	27	292	5	_	(a)	Notwithstanding any references to assignees, subtenants, concessionaires or othe	0	1	0	105952	27	27	242	3	25	0	0	0	0
225	2	0	27	294	5	_	(b)	If Tenant is a corporation, the sale, issuance or transfer of any voting capital	0	1	0	107835	0	28	185	2	16	0	0	0	0
225	3	11	27	295	5	_	(c)	Without conferring any rights upon Tenant not otherwise provided in this Article	0	1	0	108997	11	28	366	8	34	0	0	0	0
225	4	33	27	296	5	_	(d)	Without conferring any rights upon Tenant not otherwise provided in this Article	0	1	0	111354	33	28	130	1	16	0	0	0	0
225	5	40	27	297	5	_	(e)	All reasonable costs and expenses, including attorneys fees (which shall includ	0	1	0	112119	40	28	53	0	7	0	0	0	0
9	2	44	2	298	4	Section	12.2.	Assignment or Sublet.	0	0	0	112492	44	28	95	0	11	0	0	0	0
9	3	6	2	300	4	Section	12.3.	Transfer of Landlords Interest.	0	0	0	113726	6	29	102	0	11	0	0	0	0
9	4	12	2	301	4	Section	12.4.	Recapture of Premises.	0	0	0	114337	12	29	326	3	87	0	0	0	0
9	5	32	2	302	4	Section	12.5.	Continuing Liability.	0	0	0	116469	32	29	28	0	6	0	0	0	0
261	13	34	60	303	3	ARTICLE	XIII	SUBORDINATION, ATTORNMENT, FINANCING AND ESTOPPEL CERTIFICATE	0	0	0	116698	34	29	6	6	6	0	0	0	0
18	1	36	2	305	4	Section	13.1.	Subordination.	0	0	0	116809	36	29	199	0	15	0	0	0	0
18	2	17	2	307	4	Section	13.2.	Attornment.	0	0	0	119847	17	30	396	1	36	0	0	0	0
18	3	38	2	308	4	Section	13.3.	Estoppel Certificate.	0	0	0	122165	38	30	234	1	24	0	0	0	0
261	14	2	60	311	3	ARTICLE	XIV	ADVERTISING AND PROMOTION	0	0	0	123857	2	31	3	3	3	0	0	0	0
25	1	4	2	313	4	Section	14.1.	Promotion Fund.	0	0	0	123931	4	31	138	2	25	0	0	0	0
25	2	12	2	314	4	Section	14.2.	Promotion Fund Contribution.	0	0	0	124790	12	31	23	0	10	0	0	0	0
261	15	14	60	315	3	ARTICLE	XV	DEFAULT AND REMEDIES	0	0	0	124967	14	31	3	3	3	0	0	0	0
8	1	16	2	317	4	Section	15.1.	Elements of Default.	0	0	0	125035	16	31	21	0	3	0	0	0	0
223	1	18	27	318	5	_	(a)	the failure of Tenant to take possession of the Premises at the delivery of poss	0	1	0	125181	18	31	105	8	14	0	0	0	0
223	2	24	27	319	5	_	(b)	the failure of Tenant to pay any rent or other charges required to be paid by Te	0	1	0	125790	24	31	25	0	2	0	0	0	0
223	3	26	27	320	5	_	(c)	the failure of Tenant to perform or observe any term or condition of this Lease 	0	1	0	125947	26	31	44	3	3	0	0	0	0
223	4	29	27	321	5	_	(d)	if any writ of execution, levy, attachment or other legal process of law shall o	0	1	0	126210	29	31	34	0	3	0	0	0	0
223	5	31	27	322	5	_	(e)	if Tenant shall be liquidated or dissolved or shall begin proceedings toward suc	0	1	0	126425	31	31	34	0	2	0	0	0	0
8	2	33	2	323	4	Section	15.2.	Landlords Remedies.	0	0	0	126662	33	31	47	0	6	0	0	0	0
221	1	36	27	324	5	_	(a)	Landlord, in addition to other rights or remedies it may have, shall have the ri	0	1	0	126948	36	31	58	0	6	0	0	0	0
250	9	7	27	326	6	_	(i)	The worth at the time of award of any unpaid rent which has been earned at the t	0	1	0	128076	7	32	22	0	1	0	0	0	0
250	2	9	29	327	6	_	(ii)	The worth at the time of award of the amount by which the unpaid rent which woul	0	1	0	128208	9	32	43	0	2	0	0	0	0
250	3	12	29	328	6	_	(iii)	The worth at the time of award of the amount by which the unpaid rent for the ba	0	1	0	128471	12	32	43	0	4	0	0	0	0
250	4	15	29	329	6	_	(iv)	Any other amount necessary to compensate Landlord for all the detriment proximat	0	1	0	128722	15	32	90	0	8	0	0	0	0
250	22	21	27	330	6	_	(v)	At Landlords election, such other amounts in addition to or in lieu of the fore	0	1	0	129312	21	32	162	9	17	0	0	0	0
221	2	30	27	331	5	_	(b)	Landlord shall have the right to bring a summary proceeding to recover possessio	0	1	0	130169	30	32	198	1	20	0	0	0	0
221	3	41	27	332	5	_	(c)	If Landlord re-enters, or takes possession pursuant to legal proceedings or othe	0	1	0	131343	41	32	91	0	11	0	0	0	0
221	4	13	27	334	5	_	(d)	Should Landlord at any time terminate this Lease for any event of default, in ad	0	1	0	133286	13	33	216	3	27	0	0	0	0
221	5	25	27	335	5	_	(e)	Any damage or loss of rent sustained by Landlord may be recovered by Landlord, a	0	1	0	134541	25	33	139	0	14	0	0	0	0
221	6	33	27	336	5	_	(f)	Nothing contained herein shall prevent the enforcement of any claim Landlord may	0	1	0	135350	33	33	181	0	19	0	0	0	0
8	3	43	2	337	4	Section	15.3.	Bankruptcy.	0	0	0	136426	43	33	1	0	1	0	0	0	0
238	1	44	27	338	5	_	(a)	Neither Tenants interest in this Lease, any guarantor of this Lease, any estate	0	1	0	136462	44	33	70	3	8	0	0	0	0
238	2	0	27	339	5	_	(b)	It is understood and agreed that this Lease is a lease of real property in a sho	0	1	0	136894	0	34	367	10	48	0	0	0	0
8	4	19	2	340	4	Section	15.4.	Additional Remedies and Waivers.	0	0	0	138954	19	34	124	0	10	0	0	0	0
8	5	26	2	341	4	Section	15.5.	Landlords Cure of Default.	0	0	0	139703	26	34	185	8	26	0	0	0	0
261	16	36	60	342	3	ARTICLE	XVI	RIGHT OF ACCESS	0	0	0	140769	36	34	3	3	3	0	0	0	0
261	17	3	60	346	3	ARTICLE	XVII	DELAYS	0	0	0	142095	3	35	1	1	1	0	0	0	0
261	18	13	60	349	3	ARTICLE	XVIII	END OF TERM	0	0	0	142962	13	35	3	3	3	0	0	0	0
24	1	15	2	351	4	Section	18.1.	Return of Premises.	0	0	0	143024	15	35	177	4	28	0	0	0	0
24	2	26	2	352	4	Section	18.2.	Holding Over.	0	0	0	144118	26	35	120	1	18	0	0	0	0
261	19	33	60	353	3	ARTICLE	XIX	COVENANT OF QUIET ENJOYMENT	0	0	0	144839	33	35	4	4	4	0	0	0	0
261	20	0	60	356	3	ARTICLE	XX	UTILITIES	0	0	0	145320	0	36	1	1	1	0	0	0	0
16	1	2	2	358	4	Section	20.1.	Utilities.	0	0	0	145377	2	36	197	1	25	0	0	0	0
16	2	13	2	359	4	Section	20.2.	Trash and Garbage Removal.	0	0	0	146593	13	36	4	0	3	0	0	0	0
228	1	14	27	360	3	_	(a)	Tenant shall be solely responsible for trash and garbage removal from the Premis	0	1	0	146644	14	36	202	1	30	0	0	0	0
228	2	26	27	361	3	_	(b)	Tenant agrees that:	0	1	0	147914	26	36	3	0	1	0	0	0	0
249	9	27	27	362	4	_	(i)	Tenant shall not permit any goods or merchandise to remain in, on or near any do	0	1	0	147956	27	36	90	1	10	0	0	0	0
249	2	33	29	363	4	_	(ii)	If any leaking or spillage shall occur or if any goods or merchandise shall fall	0	1	0	148506	33	36	47	0	2	0	0	0	0
249	3	36	29	364	4	_	(iii)	Tenant immediately shall transport to the Premises all goods and merchandise tha	0	1	0	148803	36	36	52	1	6	0	0	0	0
249	4	40	29	365	4	_	(iv)	Tenant shall store all garbage, trash and other waste (trash) within the Premi	0	1	0	149135	40	36	65	0	6	0	0	0	0
249	22	4	27	367	4	_	(v)	Tenant shall be responsible, at Tenants sole cost and expense, for the daily re	0	1	0	149938	4	37	133	1	23	0	0	0	0
228	3	13	27	368	3	_	(c)	While Tenant is performing Tenants Work, Tenant shall be solely responsible for	0	1	0	150746	13	37	77	1	18	0	0	0	0
16	3	18	2	369	4	Section	20.3.	Water and Sewer.	0	0	0	151263	18	37	100	1	16	0	0	0	0
16	4	24	2	370	4	Section	20.4	Landlords Right to Interrupt Utilities.	0	0	0	151879	24	37	214	1	29	0	0	0	0
261	21	37	60	371	3	ARTICLE	XXI	MISCELLANEOUS	0	0	0	153227	37	37	1	1	1	0	0	0	0
0	1	39	2	373	4	Section	21.1.	Entire Agreement.	0	0	0	153289	39	37	101	0	8	0	0	0	0
0	2	0	2	374	4	Section	21.2.	Notices.	0	0	0	153945	0	38	78	0	6	0	0	0	0
0	3	23	2	381	4	Section	21.3.	Governing Law.	0	0	0	155436	23	38	63	0	7	0	0	0	0
0	4	27	2	382	4	Section	21.4.	Successors.	0	0	0	155838	27	38	170	2	16	0	0	0	0
0	5	37	2	383	4	Section	21.5.	Brokers.	0	0	0	156913	37	38	105	0	16	0	0	0	0
0	6	0	2	384	4	Section	21.6.	Transfer by Landlord.	0	0	0	157642	0	39	22	0	5	0	0	0	0
0	7	2	2	385	4	Section	21.7.	No Partnership.	0	0	0	157808	2	39	46	0	9	0	0	0	0
0	8	5	2	386	4	Section	21.8.	Waiver of Counterclaims.	0	0	0	158111	5	39	94	91	93	0	0	0	0
0	9	14	2	387	4	Section	21.9.	Waiver of Jury Trial.	0	0	0	158756	14	39	70	66	69	0	0	0	0
0	10	20	2	388	4	Section	21.10.	Severability.	0	0	0	159188	20	39	81	0	5	0	0	0	0
0	11	25	2	389	4	Section	21.11.	No Waiver.	0	0	0	159698	25	39	82	0	9	0	0	0	0
0	12	30	2	390	4	Section	21.12.	Interest.	0	0	0	160240	30	39	134	1	19	0	0	0	0
0	13	38	2	391	4	Section	21.13.	Rules and Regulations.	0	0	0	161047	38	39	59	1	14	0	0	0	0
0	14	42	2	392	4	Section	21.14.	Financial Statements.	0	0	0	161457	42	39	27	1	7	0	0	0	0
0	15	3	2	394	4	Section	21.15.	General Rules of Construction.	0	0	0	162024	3	40	81	0	9	0	0	0	0
251	2	8	29	395	5	_	(ii)	whenever the word including is used herein, it shall be deemed to mean includ	0	1	0	162569	8	40	121	0	1	0	0	0	0
0	16	15	2	396	4	Section	21.16.	Recording.	0	0	0	163277	15	40	18	0	4	0	0	0	0
0	17	17	2	397	4	Section	21.17.	Effective Date.	0	0	0	163431	17	40	106	0	25	0	0	0	0
0	18	24	2	398	4	Section	21.18.	Headings.	0	0	0	164123	24	40	49	0	5	0	0	0	0
0	19	27	2	399	4	Section	21.19.	Tenant Liability.	0	0	0	164440	27	40	93	0	5	0	0	0	0
0	20	33	2	400	4	Section	21.20.	Other Tenants.	0	0	0	165032	33	40	71	0	12	0	0	0	0
0	21	38	2	401	4	Section	21.21.	Due Authorization.	0	0	0	165505	38	40	137	2	17	0	0	0	0
0	22	2	2	403	4	Section	21.22.	Confidentiality.	0	0	0	166571	2	41	106	4	17	0	0	0	0
0	23	9	2	404	4	Section	21.23.	Attorneys Fees.	0	0	0	167234	9	41	140	0	6	0	0	0	0
0	24	18	2	405	4	Section	21.24.	Waiver of Redemption by Tenant.	0	0	0	168138	18	41	53	48	51	0	0	0	0
0	25	23	2	406	4	Section	21.25.	Non-Discrimination.	0	0	0	168469	23	41	125	0	8	0	0	0	0
0	26	31	2	407	4	Section	21.26.	Satellite Dish.	0	0	0	169323	31	41	217	1	27	0	0	0	0
0	27	44	2	408	4	Section	21.27	Guaranty.	0	0	0	170653	44	41	54	4	14	0	0	0	0
0	28	6	2	410	4	Section	21.28.	Excavation.	0	0	0	171673	6	42	71	0	6	0	0	0	0
0	29	11	2	411	4	Section	21.29.	Facsimile/PDF.	0	0	0	172112	11	42	45	2	9	0	0	0	0
0	30	14	2	412	4	Section	21.30.	Liability of Landlord.	0	0	0	172420	14	42	234	231	231	0	0	0	0
0	31	35	2	413	4	Section	21.31.	Radon Disclosure.	0	0	0	173869	35	42	96	2	14	0	0	0	0
0	32	41	2	414	4	Section	21.32.	Florida Lien Law.	0	0	0	174496	41	42	88	1	21	0	0	0	0
0	33	0	2	415	4	Section	21.33.	Force Majeure.	0	0	0	175065	0	43	138	0	11	0	0	0	0
0	34	8	2	416	4	Section	21.34.	Financing Contingency.	0	0	0	175937	8	43	210	6	53	0	0	0	0
211	6	21	21	417	4	_	(6)	month anniversary of the Financing Contingency Date, up to a maximum of two (2) 	0	1	0	177334	21	43	112	4	15	0	0	0	0
263	1	4	61	433	3	-	1.	Any handling of freight for any purpose, or deliveries to or from the Premises, 	0	1	0	180505	4	47	167	4	16	0	0	0	0
263	2	13	61	434	3	-	2.	Tenant shall not (i) suffer, allow or permit any vibration, noise, odor or flash	0	1	0	181473	13	47	244	1	23	0	0	0	0
263	3	27	61	435	3	-	3.	Tenant shall secure and protect the Premises, and all property located within th	0	1	0	182937	27	47	39	0	7	0	0	0	0
263	4	30	61	436	3	-	4.	Tenant shall use the plumbing within the Premises and the Shopping Center only f	0	1	0	183218	30	47	53	0	8	0	0	0	0
263	5	34	61	437	3	-	5.	Tenant shall contract for and use termite and pest extermination services for th	0	1	0	183569	34	47	71	0	8	0	0	0	0
263	6	39	61	438	3	-	6.	Tenant shall install and maintain at all times a display of merchandise in the d	0	1	0	184058	39	47	72	1	8	0	0	0	0
263	7	0	61	439	3	-	7.	Tenant shall participate in any window cleaning program that may be established 	0	1	0	184539	0	48	51	0	3	0	0	0	0
263	8	4	61	440	3	-	8.	If Tenant undertakes any construction activities which cause any work stoppage, 	0	1	0	184899	4	48	74	0	11	0	0	0	0
263	9	9	61	441	3	-	9.	Tenant shall promptly obtain all permits, including occupancy permits, for the P	0	1	0	185406	9	48	64	0	7	0	0	0	0
263	10	13	61	442	3	-	10.	Tenant may not display or sell merchandise outside the defined exterior walls an	0	1	0	185817	13	48	110	0	12	0	0	0	0
263	11	20	61	443	3	-	11.	Tenant shall not conduct or permit to be conducted any auction, fire, going out	0	1	0	186493	20	48	69	0	5	0	0	0	0
263	12	25	61	444	3	-	12.	Tenant shall not place a load on any floor in the Shopping Center which exceeds 	0	1	0	186952	25	48	35	0	3	0	0	0	0
263	13	27	61	445	3	-	13.	Tenant shall not install, operate or maintain in the Premises, or in any other a	0	1	0	187170	27	48	51	0	6	0	0	0	0
263	14	31	61	446	3	-	14.	Tenant shall provide sound barriers for all mechanical systems serving the Premi	0	1	0	187517	31	48	12	0	2	0	0	0	0
263	15	32	61	447	3	-	15.	Tenant shall not store, display, sell, or distribute any alcoholic beverages, da	0	1	0	187624	32	48	34	0	4	0	0	0	0
263	16	35	61	448	3	-	16.	Tenant shall not sell, distribute, display or offer for sale (i) any paraphernal	0	1	0	187896	35	48	44	1	2	0	0	0	0
263	17	38	61	449	3	-	17.	Tenant shall not operate or permit to be operated in the Premises any automatic 	0	1	0	188191	38	48	47	0	2	0	0	0	0
263	18	0	61	450	3	-	18.	No radio or television aerial, HVAC unit or other equipment or device may be ere	0	1	0	188535	0	49	185	2	22	0	0	0	0
228	4	11	27	451	3	_	(d)	insuring the structural soundness of the roof; (e) the repair by Tenant of any d	0	1	0	189706	11	49	73	0	2	0	0	0	0
263	19	16	61	452	3	-	19.	Tenant shall not affix or maintain upon the glass panes and supports of the show	0	1	0	190182	16	49	184	1	14	0	0	0	0
263	20	27	61	453	3	-	20.	The Premises shall not be used for housing, lodging or sleeping purposes or for 	0	1	0	191373	27	49	19	0	2	0	0	0	0
263	21	29	61	454	3	-	21.	Tenant shall not place any furniture, accessories or other materials on any balc	0	1	0	191508	29	49	32	0	3	0	0	0	0
263	22	32	61	455	3	-	22.	No sunscreen or other films shall be applied to the interior surface of any wind	0	1	0	191745	32	49	77	0	5	0	0	0	0
263	23	37	61	456	3	-	23.	Open fires of any type are hereby prohibited (except Tenants ovens and stoves i	0	1	0	192190	37	49	24	0	4	0	0	0	0
263	24	39	61	457	3	-	24.	No portion of the Shopping Center shall be used for any of the purposes listed b	0	1	0	192347	39	49	16	0	3	0	0	0	0
218	1	40	27	458	4	_	(a)	Swap, shop, pawn shop, second hand store, surplus store, liquidation outlet,	0	1	0	192455	40	49	39	0	5	0	0	0	0
218	2	43	27	459	4	_	(b)	Check cashing facility (except as part of a permitted bank);	0	1	0	192735	43	49	10	0	1	0	0	0	0
218	3	0	27	460	4	_	(c)	Massage parlor, except massage as performed by a certified massage therapist;	0	1	0	192831	0	50	11	0	1	0	0	0	0
218	4	1	27	461	4	_	(d)	Adult bookstore, or any other facility for the sale or display of pornographic m	0	1	0	192931	1	50	37	0	4	0	0	0	0
218	5	4	27	462	4	_	(e)	Facility for the sale of paraphernalia for use with illicit drugs;	0	1	0	193189	4	50	11	0	1	0	0	0	0
218	6	5	27	463	4	_	(f)	Funeral parlor or mortuary;	0	1	0	193278	5	50	4	0	1	0	0	0	0
218	7	6	27	464	4	_	(g)	Gambling for money facility or operation, including, but not limited to:	0	1	0	193328	6	50	93	1	4	0	0	0	0
218	8	13	27	465	4	_	(h)	New or used car, truck, recreational vehicle, trailer or boat dealership or leas	0	1	0	193978	13	50	14	0	1	0	0	0	0
218	9	15	27	466	4	_	(i)	Body and fender shop, other automobile repair or service shop, or car wash;	0	1	0	194094	15	50	13	0	1	0	0	0	0
218	10	16	27	467	4	_	(j)	Mobile home park, trailer court, labor camp, junkyard, or stockyard (except that	0	1	0	194192	16	50	30	0	1	0	0	0	0
218	11	19	27	468	4	_	(k)	Dumping, disposing, incinerating, or reducing of garbage or refuse (exclusive of	0	1	0	194437	19	50	35	0	1	0	0	0	0
218	1	22	21	469	4	_	(1)	Fire sale or bankruptcy sale (unless pursuant to court order);	0	1	0	194692	22	50	10	0	1	0	0	0	0
218	13	23	27	470	4	_	(m)	Dry cleaning, laundry plants, or laundromats (except as to an establishment whic	0	1	0	194777	23	50	31	0	1	0	0	0	0
218	14	26	27	471	4	_	(n)	Tattoo parlor;	0	1	0	194998	26	50	2	0	1	0	0	0	0
218	15	27	27	472	4	_	(o)	Gas station or other similar type store selling gasoline;	0	1	0	195035	27	50	9	0	1	0	0	0	0
218	16	28	27	473	4	_	(p)	Printing shop or business (except to the extent that such shop or business does 	0	1	0	195115	28	50	18	0	3	0	0	0	0
218	17	30	27	474	4	_	(q)	Except for office space located above retail, or on second level and above, a sc	0	1	0	195253	30	50	49	0	3	0	0	0	0
218	18	33	27	475	4	_	(r)	Any manufacturing, warehouse, or office use (except if incidental to a retail op	0	1	0	195570	33	50	14	0	1	0	0	0	0
218	19	35	27	476	4	_	(s)	Animal raising or storing facility, or veterinary office; or	0	1	0	195685	35	50	9	0	1	0	0	0	0
218	20	0	27	477	4	_	(t)	Dance hall/disco;	0	1	0	195781	0	51	3	0	1	0	0	0	0
218	21	1	27	478	4	_	(u)	Marijuana dispensary; or	0	1	0	195821	1	51	3	0	1	0	0	0	0
218	22	2	27	479	4	_	(v)	Church, synagogue or other recognized religious facility.	0	1	0	195868	2	51	7	0	1	0	0	0	0
263	25	3	61	480	3	-	25.	The listing of the aforementioned items is not intended to be exclusive, but rat	0	1	0	195948	3	51	126	0	14	0	0	0	0
271	100	0	70	481	2	EXHIBIT	C	COMMENCEMENT AND EXPIRATION DATE DECLARATION o	0	0	0	196725	0	52	11	6	5	10	0	0	0
267	1	12	61	488	3	-	1.	The Term of the Lease commenced on .	0	1	0	197467	12	52	7	0	3	0	0	0	0
267	2	13	61	489	3	-	2.	The initial term of the Lease shall expire on .	0	1	0	197525	13	52	9	0	2	0	0	0	0
267	3	14	61	490	3	-	3.	Tenant has (_) options of ( ) years each.	0	1	0	197594	14	52	6	0	1	0	0	0	0
267	4	15	61	491	3	-	4.	The Commencement Date (as defined in Section 2.2 of the Lease) for purposes of p	0	1	0	197657	15	52	30	4	9	0	0	0	0
267	5	17	61	492	3	-	5.	As of the Commencement Date, the square footage of the Premises (as defined in S	0	1	0	197836	17	52	23	2	6	0	0	0	0
267	6	19	61	493	3	-	6.	As of the Commencement Date, the GLA of the Shopping Center (as defined in Secti	0	1	0	197978	19	52	23	3	8	0	0	0	0
271	500	0	70	501	2	EXHIBIT	D	GUARANTY OF LEASE	0	0	0	198571	0	54	3	3	3	10	0	0	0
205	1	14	18	506	3	-	A.	Landlord has required, as a condition to its execution and performance of the Le	0	1	0	199692	14	54	59	0	12	0	0	0	0
205	2	18	18	507	3	-	B.	Guarantor has a financial interest in Tenant and will be benefited by the Lease.	0	1	0	200070	18	54	25	0	6	0	0	0	0
265	1	24	61	509	3	-	1.	Recitals.	0	0	0	200588	24	54	17	0	3	0	0	0	0
265	2	26	61	510	3	-	2.	Guaranty.	0	0	0	200721	26	54	15	0	5	0	0	0	0
229	1	28	27	511	4	_	(a)	The full and prompt payment when due, whether upon acceleration or otherwise, an	0	1	0	200857	28	54	117	0	7	0	0	0	0
229	2	36	27	512	4	_	(b)	The payment of all Enforcement Costs (as hereinafter defined); and	0	1	0	201620	36	54	10	0	3	0	0	0	0
229	3	37	27	513	4	_	(c)	The full, complete and punctual observance, performance and satisfaction of all 	0	1	0	201709	37	54	23	0	3	0	0	0	0
265	3	5	61	515	3	-	3.	Landlords Remedies.	0	0	0	202431	5	55	3	0	2	0	0	0	0
237	1	6	27	516	4	_	(a)	This Guaranty is an absolute, irrevocable, present and continuing guaranty of pa	0	1	0	202473	6	55	377	2	50	0	0	0	0
237	2	28	27	517	4	_	(b)	Notwithstanding anything to the contrary herein contained, in any action to enfo	0	1	0	204829	28	55	305	0	32	0	0	0	0
265	4	46	61	518	3	-	4.	Return of Payments.	0	0	0	206757	46	55	45	0	6	0	0	0	0
265	5	7	61	520	3	-	5.	No Discharge.	0	0	0	207823	7	56	436	0	49	0	0	0	0
265	6	40	61	522	3	-	6.	Application of Amounts Received.	0	0	0	211324	40	56	42	0	9	0	0	0	0
265	7	43	61	523	3	-	7.	Waiver.	0	0	0	211607	43	56	98	0	14	0	0	0	0
265	8	4	61	525	3	-	8.	Enforcement Costs.	0	0	0	212676	4	57	124	0	13	0	0	0	0
265	9	12	61	526	3	-	9.	Transfer of Lease.	0	0	0	213527	12	57	74	0	9	0	0	0	0
265	10	17	61	527	3	-	10.	Governing Law Interpretation.	0	0	0	214018	17	57	275	1	27	0	0	0	0
265	11	32	61	528	3	-	11.	Entire Agreement.	0	0	0	215624	32	57	78	0	12	0	0	0	0
265	12	38	61	529	3	-	12.	Successors and Assigns.	0	0	0	216159	38	57	3	0	2	0	0	0	0
236	1	39	27	530	4	_	(a)	This Guaranty shall bind Guarantor and the heirs, assigns, successors, executors	0	1	0	216205	39	57	110	0	10	0	0	0	0
236	2	0	27	531	4	_	(b)	This Guaranty shall inure to the benefit of and be enforceable by Landlord and L	0	1	0	216973	0	58	54	0	7	0	0	0	0
265	13	4	61	532	3	-	13.	Certain Waivers by Guarantor.	0	0	0	217360	4	58	57	0	10	0	0	0	0
265	14	8	61	533	3	-	14.	Notices.	0	0	0	217721	8	58	88	1	5	0	0	0	0
271	0	0	70	544	2	EXHIBIT	E	LANDLORD S WORK CONSTRUCTION SPECIFICATIONS FOR FOR LANDLORD S WORK - G	0	0	0	219189	0	60	12	10	12	10	0	0	0
203	1	7	18	548	3	-	A.	Shell:	0	0	0	219575	7	60	41	0	4	0	0	0	0
203	2	10	18	549	3	-	B.	Storefront:	0	0	0	219877	10	60	19	1	3	0	0	0	0
203	3	12	18	550	3	-	C.	Service Doors:	0	0	0	220041	12	60	21	5	4	0	0	0	0
203	4	14	18	551	3	-	D.	Walls:	0	0	0	220171	14	60	28	0	4	0	0	0	0
203	5	16	18	552	3	-	E.	Ceiling:	0	0	0	220368	16	60	4	0	2	0	0	0	0
203	6	17	18	553	3	-	F.	Electrical:	0	0	0	220419	17	60	27	3	3	0	0	0	0
203	7	23	18	557	3	-	G.	Telephone:	0	0	0	220866	23	60	22	2	4	0	0	0	0
203	8	25	18	558	3	-	H.	Heating and Air Conditioning:	0	0	0	221021	25	60	57	2	7	0	0	0	0
203	9	29	18	559	3	-	I.	Fire Sprinklers:	0	0	0	221402	29	60	47	2	8	0	0	0	0
203	10	33	18	560	3	-	J.	Restroom:	0	0	0	221753	33	60	3	0	2	0	0	0	0
203	11	34	18	561	3	-	K.	Signs:	0	0	0	221799	34	60	20	0	3	0	0	0	0
203	12	1	18	564	3	-	L.	Fees and Services:	0	0	0	222035	1	61	75	0	13	0	0	0	0
203	13	6	18	565	3	-	M.	Gas:	0	0	0	222517	6	61	16	0	4	0	0	0	0
271	0	0	70	566	2	EXHIBIT	E-1	TENANT S WORK	0	0	0	222643	0	62	3	3	3	10	0	0	0
204	1	7	18	569	3	-	A.	Plan Submission.	0	0	0	223173	7	62	261	4	35	0	0	0	0
204	2	39	18	572	3	-	B.	Licensed Contractors.	0	0	0	225850	39	62	58	0	9	0	0	0	0
204	3	0	18	573	3	-	C.	Certificate of Occupancy.	0	0	0	226279	0	63	41	0	17	0	0	0	0
204	4	3	18	574	3	-	D.	Barricade.	0	0	0	226553	3	63	32	0	8	0	0	0	0
204	5	5	18	575	3	-	E.	Field Verification.	0	0	0	226771	5	63	55	0	7	0	0	0	0
204	6	9	18	576	3	-	F.	Sound Attenuation.	0	0	0	227139	9	63	144	6	16	0	0	0	0
204	7	19	18	577	3	-	G.	Additional Work Outside the Scope of Landlord Work:	0	0	0	228134	19	63	125	59	73	0	0	0	0
266	1	0	61	581	3	-	1.	Payment and Performance Bonds.	0	0	0	230206	0	64	76	0	13	0	0	0	0
266	2	6	61	582	3	-	2.	Tenants Work Standards.	0	0	0	230681	6	64	64	0	13	0	0	0	0
266	3	11	61	583	3	-	3.	Landlord Approvals.	0	0	0	231104	11	64	17	0	5	0	0	0	0
266	4	13	61	584	3	-	4.	Construction Rules.	0	0	0	231232	13	64	69	0	6	0	0	0	0
266	5	19	61	585	3	-	5.	Reasonable Easement.	0	0	0	231736	19	64	95	1	16	0	0	0	0
266	6	27	61	586	3	-	6.	Penetrations by Tenant.	0	0	0	232373	27	64	34	0	5	0	0	0	0
271	0	0	70	587	2	EXHIBIT	F	PROHIBITED USES	0	0	0	232624	0	65	2	2	2	10	0	0	0
264	1	2	61	589	3	-	1.	Any bowling alley, dance hall or discotheque.	0	1	0	232686	2	65	7	0	1	0	0	0	0
264	2	3	61	590	3	-	2.	Schools of any nature (including, without limitation any cooking school or cooki	0	1	0	232753	3	65	43	0	2	0	0	0	0
264	3	6	61	591	3	-	3.	Any church, synagogue or other religious facility.	0	1	0	233064	6	65	7	0	1	0	0	0	0
264	4	7	61	592	3	-	4.	Any gasoline or service station, automotive service or repair business.	0	1	0	233136	7	65	10	0	1	0	0	0	0
264	5	8	61	593	3	-	5.	Any facility for the sale, lease or rental of automobiles, trucks, motorcycles, 	0	1	0	233229	8	65	18	0	1	0	0	0	0
264	6	10	61	594	3	-	6.	Any manufacturing facility.	0	1	0	233378	10	65	3	0	1	0	0	0	0
264	7	11	61	595	3	-	7.	Any dry cleaner (except that a drop off/pick up only type of facility shall be a	0	1	0	233427	11	65	17	0	1	0	0	0	0
264	8	12	61	596	3	-	8.	Any retail operation in which more than twenty (20%) percent of the sales area o	0	1	0	233537	12	65	48	1	1	0	0	0	0
264	9	15	61	597	3	-	9.	Any second hand store, used clothing or thrift store, pawn shop, salvation arm	0	1	0	233845	15	65	20	0	1	0	0	0	0
264	10	17	61	598	3	-	10.	Any mortuary or funeral parlor.	0	1	0	233999	17	65	5	0	1	0	0	0	0
264	11	18	61	599	3	-	11.	Any coin operated laundry.	0	1	0	234053	18	65	4	0	1	0	0	0	0
264	12	19	61	600	3	-	12.	Any childrens recreational, educational or day-care facility.	0	1	0	234102	19	65	9	0	1	0	0	0	0
264	13	20	61	601	3	-	13.	Any massage parlor (except that a therapeutic massage facility such as Massage 	0	1	0	234187	20	65	16	0	3	0	0	0	0
264	14	22	61	602	3	-	14.	Any marijuana dispensary.	0	1	0	234314	22	65	3	0	1	0	0	0	0
264	15	23	61	603	3	-	15.	Any use inconsistent with the customary character of a first-class retail shoppi	0	1	0	234362	23	65	33	0	1	0	0	0	0
271	0	0	70	604	2	EXHIBIT	G	CERTIFICATE OF DELIVERY OF POSSESSION	0	0	0	234603	0	66	5	5	5	10	0	0	0
268	1	10	61	609	3	-	1.	Initially capitalized terms herein shall have the same meaning ascribed thereto 	0	1	0	235241	10	66	14	0	2	0	0	0	0
268	2	11	61	610	3	-	2.	The Delivery Date of the Premises is , 201 .	0	1	0	235356	11	66	8	1	4	0	0	0	0
268	3	12	61	611	3	-	3.	Tenant is in full possession of, has accepted, and is satisfied with the Premise	0	1	0	235422	12	66	67	0	11	0	0	0	0
268	4	16	61	612	3	-	4.	Landlord and Tenant hereby ratify and affirm the Lease and agree the Lease remai	0	1	0	235837	16	66	42	0	7	0	0	0	0
271	0	24	70	616	2	ELease	-	end of file	0	0	0	236374	24	66	3	0	0	0	0	0	0
271	0	24	70	616	2	ELease	-	end of file	0	0	0	236374	24	66	3	0	0	0	0	0	0
